Starting phenix.refine
on Tue Apr 14 15:01:20 2026 by case
===============================================================================

Processing files:
-------------------------------------------------------------------------------

  Found model, tmp.pdb
  Found miller_array, 4tut_final.mtz
  Found phil, cdl.eff

Processing PHIL parameters:
-------------------------------------------------------------------------------

  Adding PHIL files:
  ------------------
    cdl.eff

No user-defined map coefficients or files defined; will use default map
outputs instead.
Final processed PHIL parameters:
-------------------------------------------------------------------------------
  data_manager {
    model {
      file = "tmp.pdb"
    }
    default_model = "tmp.pdb"
    phil_files = "cdl.eff"
    default_phil = "cdl.eff"
    miller_array {
      file = "4tut_final.mtz"
    }
    default_miller_array = "4tut_final.mtz"
  }
  refinement {
    output {
      write_eff_file = False
      write_geo_file = False
      write_def_file = False
      write_model_cif_file = False
      write_map_coefficients = False
    }
    electron_density_maps {
      map_coefficients {
        map_type = 2mFo-DFc
        mtz_label_amplitudes = 2FOFCWT
        mtz_label_phases = PH2FOFCWT
        fill_missing_f_obs = True
      }
      map_coefficients {
        map_type = 2mFo-DFc
        mtz_label_amplitudes = 2FOFCWT_no_fill
        mtz_label_phases = PH2FOFCWT_no_fill
      }
      map_coefficients {
        map_type = mFo-DFc
        mtz_label_amplitudes = FOFCWT
        mtz_label_phases = PHFOFCWT
      }
      map_coefficients {
        map_type = anomalous
        mtz_label_amplitudes = ANOM
        mtz_label_phases = PANOM
      }
      map {
        map_type = 2mFo-DFc
        fill_missing_f_obs = True
      }
      map {
        map_type = 2mFo-DFc
      }
      map {
        map_type = mFo-DFc
      }
    }
    refine {
      strategy = individual_sites individual_sites_real_space rigid_body \
                 *individual_adp group_adp tls occupancies group_anomalous \
                 den
    }
    main {
      number_of_macro_cycles = 5
      target = auto *ml mlhl ml_sad ls mli
      use_experimental_phases = False
      scattering_table = wk1995 *it1992 n_gaussian electron neutron
    }
    hydrogens {
      refine = individual *riding Auto
    }
    pdb_interpretation {
      c_beta_restraints = False
    }
    gui {
      skip_rsr = True
      skip_kinemage = True
    }
  }
  output {
    prefix = "alt1"
    serial = "002"
    overwrite = True
  }


Starting job
===============================================================================
  Monomer Library directory:
    "/home/case/phenix-2.0-5884/modules/chem_data/mon_lib"
  Total number of atoms: 1152
  Number of models: 1
  Model: ""
    Number of chains: 12
    Chain: "A"
      Number of atoms: 96
      Number of conformers: 1
      Conformer: "A"
        Number of residues, atoms: 11, 96
          Inner-chain residues flagged as termini: ['pdbres="GLY A   6 "']
          Classifications: {'peptide': 6, 'water': 5}
          Modifications used: {'COO': 1, 'NH3': 1}
          Link IDs: {'TRANS': 5, None: 5}
            Not linked:
              pdbres="GLY A   6 "
              pdbres="HOH A   7 "
            Not linked:
              pdbres="HOH A   7 "
              pdbres="HOH A   8 "
            Not linked:
              pdbres="HOH A   8 "
              pdbres="HOH A   9 "
            Not linked:
              pdbres="HOH A   9 "
              pdbres="HOH A  10 "
            Not linked:
              pdbres="HOH A  10 "
              pdbres="HOH A  11 "
    Chain: "B"
      Number of atoms: 96
      Number of conformers: 1
      Conformer: "B"
        Number of residues, atoms: 11, 96
          Inner-chain residues flagged as termini: ['pdbres="GLY B  17 "']
          Classifications: {'peptide': 6, 'water': 5}
          Modifications used: {'COO': 1, 'NH3': 1}
          Link IDs: {'TRANS': 5, None: 5}
            Not linked:
              pdbres="GLY B  17 "
              pdbres="HOH B  18 "
            Not linked:
              pdbres="HOH B  18 "
              pdbres="HOH B  19 "
            Not linked:
              pdbres="HOH B  19 "
              pdbres="HOH B  20 "
            Not linked:
              pdbres="HOH B  20 "
              pdbres="HOH B  21 "
            Not linked:
              pdbres="HOH B  21 "
              pdbres="HOH B  22 "
    Chain: "C"
      Number of atoms: 96
      Number of conformers: 1
      Conformer: "C"
        Number of residues, atoms: 11, 96
          Inner-chain residues flagged as termini: ['pdbres="GLY C  28 "']
          Classifications: {'peptide': 6, 'water': 5}
          Modifications used: {'COO': 1, 'NH3': 1}
          Link IDs: {'TRANS': 5, None: 5}
            Not linked:
              pdbres="GLY C  28 "
              pdbres="HOH C  29 "
            Not linked:
              pdbres="HOH C  29 "
              pdbres="HOH C  30 "
            Not linked:
              pdbres="HOH C  30 "
              pdbres="HOH C  31 "
            Not linked:
              pdbres="HOH C  31 "
              pdbres="HOH C  32 "
            Not linked:
              pdbres="HOH C  32 "
              pdbres="HOH C  33 "
    Chain: "D"
      Number of atoms: 96
      Number of conformers: 1
      Conformer: "D"
        Number of residues, atoms: 11, 96
          Inner-chain residues flagged as termini: ['pdbres="GLY D  39 "']
          Classifications: {'peptide': 6, 'water': 5}
          Modifications used: {'COO': 1, 'NH3': 1}
          Link IDs: {'TRANS': 5, None: 5}
            Not linked:
              pdbres="GLY D  39 "
              pdbres="HOH D  40 "
            Not linked:
              pdbres="HOH D  40 "
              pdbres="HOH D  41 "
            Not linked:
              pdbres="HOH D  41 "
              pdbres="HOH D  42 "
            Not linked:
              pdbres="HOH D  42 "
              pdbres="HOH D  43 "
            Not linked:
              pdbres="HOH D  43 "
              pdbres="HOH D  44 "
    Chain: "E"
      Number of atoms: 96
      Number of conformers: 1
      Conformer: "E"
        Number of residues, atoms: 11, 96
          Inner-chain residues flagged as termini: ['pdbres="GLY E  50 "']
          Classifications: {'peptide': 6, 'water': 5}
          Modifications used: {'COO': 1, 'NH3': 1}
          Link IDs: {'TRANS': 5, None: 5}
            Not linked:
              pdbres="GLY E  50 "
              pdbres="HOH E  51 "
            Not linked:
              pdbres="HOH E  51 "
              pdbres="HOH E  52 "
            Not linked:
              pdbres="HOH E  52 "
              pdbres="HOH E  53 "
            Not linked:
              pdbres="HOH E  53 "
              pdbres="HOH E  54 "
            Not linked:
              pdbres="HOH E  54 "
              pdbres="HOH E  55 "
    Chain: "F"
      Number of atoms: 96
      Number of conformers: 1
      Conformer: "F"
        Number of residues, atoms: 11, 96
          Inner-chain residues flagged as termini: ['pdbres="GLY F  61 "']
          Classifications: {'peptide': 6, 'water': 5}
          Modifications used: {'COO': 1, 'NH3': 1}
          Link IDs: {'TRANS': 5, None: 5}
            Not linked:
              pdbres="GLY F  61 "
              pdbres="HOH F  62 "
            Not linked:
              pdbres="HOH F  62 "
              pdbres="HOH F  63 "
            Not linked:
              pdbres="HOH F  63 "
              pdbres="HOH F  64 "
            Not linked:
              pdbres="HOH F  64 "
              pdbres="HOH F  65 "
            Not linked:
              pdbres="HOH F  65 "
              pdbres="HOH F  66 "
    Chain: "G"
      Number of atoms: 96
      Number of conformers: 1
      Conformer: "G"
        Number of residues, atoms: 11, 96
          Inner-chain residues flagged as termini: ['pdbres="GLY G  72 "']
          Classifications: {'peptide': 6, 'water': 5}
          Modifications used: {'COO': 1, 'NH3': 1}
          Link IDs: {'TRANS': 5, None: 5}
            Not linked:
              pdbres="GLY G  72 "
              pdbres="HOH G  73 "
            Not linked:
              pdbres="HOH G  73 "
              pdbres="HOH G  74 "
            Not linked:
              pdbres="HOH G  74 "
              pdbres="HOH G  75 "
            Not linked:
              pdbres="HOH G  75 "
              pdbres="HOH G  76 "
            Not linked:
              pdbres="HOH G  76 "
              pdbres="HOH G  77 "
    Chain: "H"
      Number of atoms: 96
      Number of conformers: 1
      Conformer: "H"
        Number of residues, atoms: 11, 96
          Inner-chain residues flagged as termini: ['pdbres="GLY H  83 "']
          Classifications: {'peptide': 6, 'water': 5}
          Modifications used: {'COO': 1, 'NH3': 1}
          Link IDs: {'TRANS': 5, None: 5}
            Not linked:
              pdbres="GLY H  83 "
              pdbres="HOH H  84 "
            Not linked:
              pdbres="HOH H  84 "
              pdbres="HOH H  85 "
            Not linked:
              pdbres="HOH H  85 "
              pdbres="HOH H  86 "
            Not linked:
              pdbres="HOH H  86 "
              pdbres="HOH H  87 "
            Not linked:
              pdbres="HOH H  87 "
              pdbres="HOH H  88 "
    Chain: "I"
      Number of atoms: 96
      Number of conformers: 1
      Conformer: "I"
        Number of residues, atoms: 11, 96
          Inner-chain residues flagged as termini: ['pdbres="GLY I  94 "']
          Classifications: {'peptide': 6, 'water': 5}
          Modifications used: {'COO': 1, 'NH3': 1}
          Link IDs: {'TRANS': 5, None: 5}
            Not linked:
              pdbres="GLY I  94 "
              pdbres="HOH I  95 "
            Not linked:
              pdbres="HOH I  95 "
              pdbres="HOH I  96 "
            Not linked:
              pdbres="HOH I  96 "
              pdbres="HOH I  97 "
            Not linked:
              pdbres="HOH I  97 "
              pdbres="HOH I  98 "
            Not linked:
              pdbres="HOH I  98 "
              pdbres="HOH I  99 "
    Chain: "J"
      Number of atoms: 96
      Number of conformers: 1
      Conformer: "J"
        Number of residues, atoms: 11, 96
          Inner-chain residues flagged as termini: ['pdbres="GLY J 105 "']
          Classifications: {'peptide': 6, 'water': 5}
          Modifications used: {'COO': 1, 'NH3': 1}
          Link IDs: {'TRANS': 5, None: 5}
            Not linked:
              pdbres="GLY J 105 "
              pdbres="HOH J 106 "
            Not linked:
              pdbres="HOH J 106 "
              pdbres="HOH J 107 "
            Not linked:
              pdbres="HOH J 107 "
              pdbres="HOH J 108 "
            Not linked:
              pdbres="HOH J 108 "
              pdbres="HOH J 109 "
            Not linked:
              pdbres="HOH J 109 "
              pdbres="HOH J 110 "
    Chain: "K"
      Number of atoms: 96
      Number of conformers: 1
      Conformer: "K"
        Number of residues, atoms: 11, 96
          Inner-chain residues flagged as termini: ['pdbres="GLY K 116 "']
          Classifications: {'peptide': 6, 'water': 5}
          Modifications used: {'COO': 1, 'NH3': 1}
          Link IDs: {'TRANS': 5, None: 5}
            Not linked:
              pdbres="GLY K 116 "
              pdbres="HOH K 117 "
            Not linked:
              pdbres="HOH K 117 "
              pdbres="HOH K 118 "
            Not linked:
              pdbres="HOH K 118 "
              pdbres="HOH K 119 "
            Not linked:
              pdbres="HOH K 119 "
              pdbres="HOH K 120 "
            Not linked:
              pdbres="HOH K 120 "
              pdbres="HOH K 121 "
    Chain: "L"
      Number of atoms: 96
      Number of conformers: 1
      Conformer: "L"
        Number of residues, atoms: 11, 96
          Inner-chain residues flagged as termini: ['pdbres="GLY L 127 "']
          Classifications: {'peptide': 6, 'water': 5}
          Modifications used: {'COO': 1, 'NH3': 1}
          Link IDs: {'TRANS': 5, None: 5}
            Not linked:
              pdbres="GLY L 127 "
              pdbres="HOH L 128 "
            Not linked:
              pdbres="HOH L 128 "
              pdbres="HOH L 129 "
            Not linked:
              pdbres="HOH L 129 "
              pdbres="HOH L 130 "
            Not linked:
              pdbres="HOH L 130 "
              pdbres="HOH L 131 "
            Not linked:
              pdbres="HOH L 131 "
              pdbres="HOH L 132 "
  Residues with excluded nonbonded symmetry interactions: 132
    residue:
      pdb=" N  AGLY A   1 " occ=0.08
      ... (7 atoms not shown)
      pdb=" HA3AGLY A   1 " occ=0.08
    residue:
      pdb=" N  AGLY A   2 " occ=0.08
      ... (5 atoms not shown)
      pdb=" HA3AGLY A   2 " occ=0.08
    residue:
      pdb=" N  ATYR A   3 " occ=0.08
      ... (19 atoms not shown)
      pdb=" HH ATYR A   3 " occ=0.08
    residue:
      pdb=" N  AMET A   4 " occ=0.08
      ... (15 atoms not shown)
      pdb=" HE3AMET A   4 " occ=0.08
    residue:
      pdb=" N  ALEU A   5 " occ=0.08
      ... (17 atoms not shown)
      pdb="HD23ALEU A   5 " occ=0.08
    residue:
      pdb=" N  AGLY A   6 " occ=0.08
      ... (6 atoms not shown)
      pdb=" HA3AGLY A   6 " occ=0.08
    residue:
      pdb=" O  AHOH A   7 " occ=0.08
      pdb=" H1 AHOH A   7 " occ=0.08
      pdb=" H2 AHOH A   7 " occ=0.08
    residue:
      pdb=" O  AHOH A   8 " occ=0.08
      pdb=" H1 AHOH A   8 " occ=0.08
      pdb=" H2 AHOH A   8 " occ=0.08
    residue:
      pdb=" O  AHOH A   9 " occ=0.08
      pdb=" H1 AHOH A   9 " occ=0.08
      pdb=" H2 AHOH A   9 " occ=0.08
    residue:
      pdb=" O  AHOH A  10 " occ=0.08
      pdb=" H1 AHOH A  10 " occ=0.08
      pdb=" H2 AHOH A  10 " occ=0.08
    residue:
      pdb=" O  AHOH A  11 " occ=0.08
      pdb=" H1 AHOH A  11 " occ=0.08
      pdb=" H2 AHOH A  11 " occ=0.08
    residue:
      pdb=" N  BGLY B  12 " occ=0.08
      ... (7 atoms not shown)
      pdb=" HA3BGLY B  12 " occ=0.08
    ... (remaining 120 not shown)
  Time building chain proxies: 0.11, per 1000 atoms: 0.10
  Number of scatterers: 1152
  At special positions: 0
  Unit cell: (10.395, 9.731, 17.382, 90, 105.936, 90)
  Space group: P 1 21 1 (No. 4)
  Number of sites at special positions: 0
  Number of scattering types: 5
    Type Number    sf(0)
     S      12     16.00
     O     156      8.00
     N      72      7.00
     C     312      6.00
     H     600      1.00
    sf(0) = scattering factor at diffraction angle 0.

  Number of disulfides: simple=0, symmetry=0

  Automatic linking
    Parameters for automatic linking
      Linking & cutoffs
        Metal                : Auto  - 3.00
        Amino acid           : True  - 1.90
        Carbohydrate         : True  - 1.99
        Ligands              : True  - 1.99
        Small molecules      : False - 1.98
        Amino acid - RNA/DNA : False
      
  Number of custom bonds: simple=0, symmetry=0
  Time building additional restraints: 0.06
  Conformation dependent library (CDL) restraints added in 7.1 milliseconds
  
  Time building geometry restraints manager: 0.07 seconds

  NOTE: a complete listing of the restraints can be obtained by requesting
        output of .geo file.

  Histogram of bond lengths:
        0.96 -     1.13: 600
        1.13 -     1.30: 84
        1.30 -     1.47: 204
        1.47 -     1.64: 180
        1.64 -     1.81: 24
  Bond restraints: 1092
  Sorted by residual:
  bond pdb=" O  EHOH E  55 "
       pdb=" H1 EHOH E  55 "
    ideal  model  delta    sigma   weight residual
    0.850  1.001 -0.151 2.00e-02 2.50e+03 5.71e+01
  bond pdb=" CD2DTYR D  36 "
       pdb=" HD2DTYR D  36 "
    ideal  model  delta    sigma   weight residual
    0.930  1.081 -0.151 2.00e-02 2.50e+03 5.71e+01
  bond pdb=" O  DHOH D  40 "
       pdb=" H2 DHOH D  40 "
    ideal  model  delta    sigma   weight residual
    0.850  1.001 -0.151 2.00e-02 2.50e+03 5.70e+01
  bond pdb=" N  IGLY I  90 "
       pdb=" H  IGLY I  90 "
    ideal  model  delta    sigma   weight residual
    0.860  1.011 -0.151 2.00e-02 2.50e+03 5.70e+01
  bond pdb=" O  DHOH D  41 "
       pdb=" H1 DHOH D  41 "
    ideal  model  delta    sigma   weight residual
    0.850  1.001 -0.151 2.00e-02 2.50e+03 5.70e+01
  ... (remaining 1087 not shown)

  Histogram of bond angle deviations from ideal:
        0.00 -     1.45: 1264
        1.45 -     2.89: 297
        2.89 -     4.34: 55
        4.34 -     5.79: 146
        5.79 -     7.24: 14
  Bond angle restraints: 1776
  Sorted by residual:
  angle pdb=" O  HGLY H  83 "
        pdb=" C  HGLY H  83 "
        pdb=" OXTHGLY H  83 "
      ideal   model   delta    sigma   weight residual
     118.00  125.24   -7.24 3.00e+00 1.11e-01 5.82e+00
  angle pdb=" O  BGLY B  17 "
        pdb=" C  BGLY B  17 "
        pdb=" OXTBGLY B  17 "
      ideal   model   delta    sigma   weight residual
     118.00  125.19   -7.19 3.00e+00 1.11e-01 5.75e+00
  angle pdb=" O  LGLY L 127 "
        pdb=" C  LGLY L 127 "
        pdb=" OXTLGLY L 127 "
      ideal   model   delta    sigma   weight residual
     118.00  125.11   -7.11 3.00e+00 1.11e-01 5.62e+00
  angle pdb=" O  JGLY J 105 "
        pdb=" C  JGLY J 105 "
        pdb=" OXTJGLY J 105 "
      ideal   model   delta    sigma   weight residual
     118.00  125.04   -7.04 3.00e+00 1.11e-01 5.51e+00
  angle pdb=" O  DGLY D  39 "
        pdb=" C  DGLY D  39 "
        pdb=" OXTDGLY D  39 "
      ideal   model   delta    sigma   weight residual
     118.00  124.87   -6.87 3.00e+00 1.11e-01 5.25e+00
  ... (remaining 1771 not shown)

  Histogram of dihedral angle deviations from ideal:
        0.02 -    12.02: 285
       12.02 -    24.01: 29
       24.01 -    36.00: 11
       36.00 -    48.00: 7
       48.00 -    59.99: 28
  Dihedral angle restraints: 360
    sinusoidal: 240
      harmonic: 120
  Sorted by residual:
  dihedral pdb=" CA KGLY K 112 "
           pdb=" C  KGLY K 112 "
           pdb=" N  KTYR K 113 "
           pdb=" CA KTYR K 113 "
      ideal   model   delta  harmonic     sigma   weight residual
    -180.00 -165.89  -14.11     0      5.00e+00 4.00e-02 7.97e+00
  dihedral pdb=" CA AGLY A   2 "
           pdb=" C  AGLY A   2 "
           pdb=" N  ATYR A   3 "
           pdb=" CA ATYR A   3 "
      ideal   model   delta  harmonic     sigma   weight residual
    -180.00 -166.06  -13.94     0      5.00e+00 4.00e-02 7.77e+00
  dihedral pdb=" CA DGLY D  34 "
           pdb=" C  DGLY D  34 "
           pdb=" N  DGLY D  35 "
           pdb=" CA DGLY D  35 "
      ideal   model   delta  harmonic     sigma   weight residual
     180.00 -170.61   -9.39     0      5.00e+00 4.00e-02 3.52e+00
  ... (remaining 357 not shown)

  Histogram of chiral volume deviations from ideal:
       0.004 -    0.034: 25
       0.034 -    0.064: 9
       0.064 -    0.094: 1
       0.094 -    0.124: 7
       0.124 -    0.153: 6
  Chirality restraints: 48
  Sorted by residual:
  chirality pdb=" CA ELEU E  49 "
            pdb=" N  ELEU E  49 "
            pdb=" C  ELEU E  49 "
            pdb=" CB ELEU E  49 "
    both_signs  ideal   model   delta    sigma   weight residual
      False      2.51    2.66   -0.15 2.00e-01 2.50e+01 5.89e-01
  chirality pdb=" CA ALEU A   5 "
            pdb=" N  ALEU A   5 "
            pdb=" C  ALEU A   5 "
            pdb=" CB ALEU A   5 "
    both_signs  ideal   model   delta    sigma   weight residual
      False      2.51    2.66   -0.15 2.00e-01 2.50e+01 5.28e-01
  chirality pdb=" CA BLEU B  16 "
            pdb=" N  BLEU B  16 "
            pdb=" C  BLEU B  16 "
            pdb=" CB BLEU B  16 "
    both_signs  ideal   model   delta    sigma   weight residual
      False      2.51    2.65   -0.14 2.00e-01 2.50e+01 5.16e-01
  ... (remaining 45 not shown)

  Planarity restraints: 144
  Sorted by residual:
                                 delta    sigma   weight rms_deltas residual
  plane pdb=" CB DTYR D  36 "   -0.141 2.00e-02 2.50e+03   6.04e-02 1.09e+02
        pdb=" CG DTYR D  36 "    0.017 2.00e-02 2.50e+03
        pdb=" CD1DTYR D  36 "    0.054 2.00e-02 2.50e+03
        pdb=" CD2DTYR D  36 "    0.034 2.00e-02 2.50e+03
        pdb=" CE1DTYR D  36 "    0.031 2.00e-02 2.50e+03
        pdb=" CE2DTYR D  36 "    0.035 2.00e-02 2.50e+03
        pdb=" CZ DTYR D  36 "   -0.006 2.00e-02 2.50e+03
        pdb=" OH DTYR D  36 "   -0.114 2.00e-02 2.50e+03
        pdb=" HD1DTYR D  36 "    0.052 2.00e-02 2.50e+03
        pdb=" HD2DTYR D  36 "    0.012 2.00e-02 2.50e+03
        pdb=" HE1DTYR D  36 "   -0.011 2.00e-02 2.50e+03
        pdb=" HE2DTYR D  36 "    0.037 2.00e-02 2.50e+03
                                 delta    sigma   weight rms_deltas residual
  plane pdb=" CB CTYR C  25 "    0.135 2.00e-02 2.50e+03   6.01e-02 1.08e+02
        pdb=" CG CTYR C  25 "   -0.019 2.00e-02 2.50e+03
        pdb=" CD1CTYR C  25 "   -0.059 2.00e-02 2.50e+03
        pdb=" CD2CTYR C  25 "   -0.034 2.00e-02 2.50e+03
        pdb=" CE1CTYR C  25 "   -0.036 2.00e-02 2.50e+03
        pdb=" CE2CTYR C  25 "   -0.035 2.00e-02 2.50e+03
        pdb=" CZ CTYR C  25 "    0.006 2.00e-02 2.50e+03
        pdb=" OH CTYR C  25 "    0.119 2.00e-02 2.50e+03
        pdb=" HD1CTYR C  25 "   -0.041 2.00e-02 2.50e+03
        pdb=" HD2CTYR C  25 "   -0.005 2.00e-02 2.50e+03
        pdb=" HE1CTYR C  25 "    0.010 2.00e-02 2.50e+03
        pdb=" HE2CTYR C  25 "   -0.041 2.00e-02 2.50e+03
                                 delta    sigma   weight rms_deltas residual
  plane pdb=" CB BTYR B  14 "   -0.134 2.00e-02 2.50e+03   5.85e-02 1.03e+02
        pdb=" CG BTYR B  14 "    0.017 2.00e-02 2.50e+03
        pdb=" CD1BTYR B  14 "    0.055 2.00e-02 2.50e+03
        pdb=" CD2BTYR B  14 "    0.026 2.00e-02 2.50e+03
        pdb=" CE1BTYR B  14 "    0.027 2.00e-02 2.50e+03
        pdb=" CE2BTYR B  14 "    0.034 2.00e-02 2.50e+03
        pdb=" CZ BTYR B  14 "   -0.000 2.00e-02 2.50e+03
        pdb=" OH BTYR B  14 "   -0.109 2.00e-02 2.50e+03
        pdb=" HD1BTYR B  14 "    0.056 2.00e-02 2.50e+03
        pdb=" HD2BTYR B  14 "    0.006 2.00e-02 2.50e+03
        pdb=" HE1BTYR B  14 "   -0.020 2.00e-02 2.50e+03
        pdb=" HE2BTYR B  14 "    0.042 2.00e-02 2.50e+03
  ... (remaining 141 not shown)

  Histogram of nonbonded interaction distances:
        0.47 -     1.30: 5
        1.30 -     2.12: 275
        2.12 -     2.95: 3814
        2.95 -     3.77: 8575
        3.77 -     4.60: 15430
  Warning: very small nonbonded interaction distances.
  Nonbonded interactions: 28099
  Sorted by model distance:
  nonbonded pdb=" H1 KHOH K 118 "
            pdb=" H2 KHOH K 120 "
     model   vdw sym.op.
     0.471 2.100 -x+6,y-1/2,-z+3
  nonbonded pdb=" H1 LHOH L 130 "
            pdb=" H1 LHOH L 131 "
     model   vdw sym.op.
     0.813 2.100 -x-2,y-1/2,-z-3
  nonbonded pdb=" H1 AHOH A   8 "
            pdb=" H2 AHOH A  10 "
     model   vdw sym.op.
     0.845 2.100 -x+4,y-1/2,-z+3
  nonbonded pdb=" H1 BHOH B  20 "
            pdb=" H1 BHOH B  21 "
     model   vdw sym.op.
     0.914 2.100 -x-4,y-1/2,-z-3
  nonbonded pdb=" O  LHOH L 128 "
            pdb=" H2 LHOH L 129 "
     model   vdw sym.op.
     1.207 2.450 x+1,y,z+1
  ... (remaining 28094 not shown)

  NOTE: a complete listing of the restraints can be obtained by requesting
        output of .geo file.

============================== Scattering factors =============================


                ----------X-ray scattering dictionary----------                

Number of scattering types: 5
  Type Number    sf(0)   Gaussians
   S      12     16.00       4+c
   O     156      8.00       4+c
   N      72      6.99       4+c
   C     312      6.00       4+c
   H     600      1.00       4+c
  sf(0) = scattering factor at diffraction angle 0.

=========================== Regularize ADP if needed ==========================


========================== Anomalous scatterer groups =========================

All atoms refined with f_prime=0 and f_double_prime=0.

====================== Modifying start model if requested =====================

n_use            =  1152
n_use_u_iso      =  1152
n_use_u_aniso    =  0
n_grad_site      =  0
n_grad_u_iso     =  0
n_grad_u_aniso   =  0
n_grad_occupancy =  0
n_grad_fp        =  0
n_grad_fdp       =  0
total number of scatterers =  1152

================== Extract refinement strategy and selections =================

Refinement flags and selection counts:
  individual_sites       = False (0 atoms)
  torsion_angles         = False (0 atoms)
  rigid_body             = False (0 atoms in 0 groups)
  individual_adp         =  True (iso = 1152 aniso = 0)
  group_adp              = False (0 atoms in 0 groups)
  tls                    = False (0 atoms in 0 groups)
  occupancies            = False (0 atoms)
  group_anomalous        = False

============================ Non-default parameters ===========================

A complete record of all parameters was written to the .eff file above.
Below are only the non-defaults.

#phil __ON__
refinement {
  output {
    write_eff_file = False
    write_geo_file = False
    write_def_file = False
    write_model_cif_file = False
    write_map_coefficients = False
  }
  electron_density_maps {
    map_coefficients {
      map_type = "2mFo-DFc"
      mtz_label_amplitudes = "2FOFCWT"
      mtz_label_phases = "PH2FOFCWT"
      fill_missing_f_obs = True
    }
    map_coefficients {
      map_type = "2mFo-DFc"
      mtz_label_amplitudes = "2FOFCWT_no_fill"
      mtz_label_phases = "PH2FOFCWT_no_fill"
    }
    map_coefficients {
      map_type = "mFo-DFc"
      mtz_label_amplitudes = "FOFCWT"
      mtz_label_phases = "PHFOFCWT"
    }
    map_coefficients {
      map_type = "anomalous"
      mtz_label_amplitudes = "ANOM"
      mtz_label_phases = "PANOM"
    }
    map {
      map_type = "2mFo-DFc"
      fill_missing_f_obs = True
    }
    map {
      map_type = "2mFo-DFc"
    }
    map {
      map_type = "mFo-DFc"
    }
  }
  refine {
    strategy = individual_sites individual_sites_real_space rigid_body \
               *individual_adp group_adp tls occupancies group_anomalous den
  }
  main {
    number_of_macro_cycles = 5
    target = auto *ml mlhl ml_sad ls mli
    use_experimental_phases = False
    scattering_table = wk1995 *it1992 n_gaussian electron neutron
  }
  hydrogens {
    refine = individual *riding Auto
  }
  pdb_interpretation {
    c_beta_restraints = False
  }
  gui {
    skip_rsr = True
    skip_kinemage = True
  }
}
output {
  prefix = "alt1"
  serial = 2
  target_output_format = None *pdb mmcif
  overwrite = True
}
#phil __OFF__


================================== Hydrogens ==================================

Total:
  count: 600
  occupancy sum:  48.00 (% of total atoms  52.08)
Rotatable:
  count: 156
  occupancy sum:  12.48 (% of total atoms  13.54)

   ----------structure factors based statistics (before refinement)----------  


                         ----------X-ray data----------                        

|--(resolution: 0.90 - 10.00 A, n_refl.=1862 (all), 10.31 % free)-------------|
|                                                                             |
| r_work= 0.0503 r_free= 0.0511 coordinate error (max.-lik. estimate): 0.03 A |
|                                                                             |
| normalized target function (ml) (work): 1.684202                            |
| target function (ml) not normalized (work): 2812.617083                     |
| target function (ml) not normalized (free): 339.719741                      |
|-----------------------------------------------------------------------------|

|-----------------------------------------------------------------------------|
| Bin     Resolution   Compl.  No. Refl.    R-factors          Targets        |
|number     range              work test   work   test        work        test|
|  1:   10.00 -    0.90 0.72   1670  192 0.0503 0.0511      1.6842      1.7694|
|-----------------------------------------------------------------------------|

|-----------------------------------------------------------------------------|
|R-free likelihood based estimates for figures of merit, absolute phase error,|
|and distribution parameters alpha and beta (Acta Cryst. (1995). A51, 880-887)|
|                                                                             |
| Bin     Resolution      No. Refl.   FOM  Phase Scale    Alpha        Beta   |
|  #        range        work  test        error factor                       |
|  1:   10.00 -    0.90  1670   192  0.99   1.76   1.00     1.05          3.83|
|alpha:            min =        1.05 max =            1.05 mean =         1.05|
|beta:             min =        3.83 max =            3.83 mean =         3.83|
|figures of merit: min =        0.32 max =            1.00 mean =         0.99|
|phase err.(work): min =        0.00 max =           66.55 mean =         1.76|
|phase err.(test): min =        0.00 max =           19.17 mean =         1.70|
|-----------------------------------------------------------------------------|

        ----------Initial model statistics (before refinement)----------       


  Geometry Restraints Library: GeoStd + Monomer Library + CDL v1.2
  Deviations from Ideal Values - rmsd, rmsZ for bonds and angles.
    Bond      :  0.011   0.033    492  Z= 0.579
    Angle     :  1.662   7.236    636  Z= 0.748
    Chirality :  0.071   0.153     48
    Planarity :  0.022   0.070     84
    Dihedral  :  7.185  23.432    168
    Min Nonbonded Distance : 1.952
  
  Molprobity Statistics.
    All-atom Clashscore : 0.00
    Ramachandran Plot:
      Outliers :  0.00 %
      Allowed  :  0.00 %
      Favored  : 100.00 %
    Rotamer:
      Outliers :  0.00 %
      Allowed  :  0.00 %
      Favored  : 100.00 %
    Cbeta Deviations :  0.00 %
    Peptide Plane:
      Cis-proline     : 0.00 %
      Cis-general     : 0.00 %
      Twisted Proline : 0.00 %
      Twisted General : 0.00 %
  
  Rama-Z values with (uncertainties):
  Interpretation: poor |Rama-Z| > 3; suspicious 2 < |Rama-Z| < 3; good |Rama-Z| < 2.
  Scores below are scaled independently, so they are not related in a simple way.
    whole: -0.23 (0.64), residues: 48
    helix:  None (None), residues: 0
    sheet:  None (None), residues: 0
    loop : -0.16 (0.49), residues: 48
  
  Max deviation from planes:
     Type  MaxDev  MeanDev LineInFile
   TYR   0.124   0.048  DTYR D  36 
  
  Details of bonding type rmsd
    covalent geometry    : bond        0.01146 (  492)
    covalent geometry    : angle       1.66232 (  636)

 Individual atomic B
                min    max   mean <Bi,j>   iso aniso
   Overall:    0.00  14.25   1.93   0.61   552     0
   Protein:    0.00   4.62   1.49   0.61   492     0
   Water:      0.46  14.25   5.53    N/A    60     0
   Chain  A:   0.00  11.23   1.78    N/A    46     0
   Chain  B:   0.81  13.34   2.19    N/A    46     0
   Chain  C:   0.90  12.90   2.06    N/A    46     0
   Chain  D:   0.43   9.39   1.81    N/A    46     0
   Chain  E:   0.84  11.15   1.99    N/A    46     0
   Chain  F:   0.34   8.76   1.80    N/A    46     0
   Chain  G:   0.00  14.25   1.90    N/A    46     0
   Chain  H:   0.68   9.73   2.15    N/A    46     0
   Chain  I:   0.92  12.47   2.01    N/A    46     0
   Chain  J:   0.81  10.43   1.91    N/A    46     0
   Chain  K:   0.63   7.36   1.79    N/A    46     0
   Chain  L:   0.30   8.50   1.71    N/A    46     0
   Histogram:
       Values      Number of atoms
     0.00 - 1.43        280
     1.43 - 2.85        210
     2.85 - 4.28         24
     4.28 - 5.70         14
     5.70 - 7.13          6
     7.13 - 8.55          5
     8.55 - 9.98          6
     9.98 - 11.40         3
    11.40 - 12.83         1
    12.83 - 14.25         3

|-Occupancies statistics------------------------------------------------------|
| *** WARNING: more than 30 % of atoms with small occupancy (< 0.1)       *** |
| occupancies: max = 0.08   min = 0.08   number of occupancies < 0.1 = 1152   |
|-----------------------------------------------------------------------------|

*********************** REFINEMENT MACRO_CYCLE 1 OF 5 *************************

|--(resolution: 0.90 - 10.00 A, n_refl.=1862 (all), 10.31 % free)-------------|
|                                                                             |
| r_work= 0.0503 r_free= 0.0511 coordinate error (max.-lik. estimate): 0.03 A |
|                                                                             |
| normalized target function (ml) (work): 1.684202                            |
| target function (ml) not normalized (work): 2812.617083                     |
| target function (ml) not normalized (free): 339.719741                      |
|-----------------------------------------------------------------------------|

=========================== Bulk-solvent and scaling ==========================


============================= updating all scales =============================

                   start: r(all,work,free)=0.0504 0.0503 0.0511 n_refl.: 1862
       re-set all scales: r(all,work,free)=0.0504 0.0503 0.0511 n_refl.: 1862
         remove outliers: r(all,work,free)=0.0505 0.0504 0.0511 n_refl.: 1859
 overall B=0.01 to atoms: r(all,work,free)=0.0504 0.0503 0.0511 n_refl.: 1859
bulk-solvent and scaling: r(all,work,free)=0.0481 0.0480 0.0490 n_refl.: 1859
         remove outliers: r(all,work,free)=0.0481 0.0480 0.0490 n_refl.: 1859

 ======================== Statistics in resolution bins ======================== 

Total model structure factor:
  F_model = k_total * (F_calc + k_mask * F_mask)

    k_total = k_isotropic * k_anisotropic
   Resolution    Compl Nwork Nfree R_work    <Fobs>  <Fmodel> kiso   kani kmask
  9.996-2.730    94.34    89    11 0.0336    39.781    40.609 0.954 1.060 0.000
  2.725-2.129    91.67    87    12 0.0294    32.339    32.073 0.955 1.061 0.000
  2.127-1.663    90.95   182    19 0.0385    26.536    26.184 0.955 1.062 0.000
  1.658-1.298    87.36   357    37 0.0415    20.023    19.633 0.955 1.061 0.000
  1.296-1.012    75.26   642    79 0.0517    16.939    16.937 0.956 1.060 0.000
  1.011-0.900    45.56   310    34 0.0724    13.957    14.128 0.957 1.056 0.000

  Approximation of k_total with k_overall*exp(-b_overall*s**2/4)
    k_overall=1.0149   b_overall=0.0151  

============================ Set refinement target ============================

  using refinement target ml 


==================== Compute data/restraints target weights ===================

|-----------------------------------------------------------------------------|
| XYZ refinement: T = Eexperimental * wxc * wxc_scale + Echem * wc            |
| wxc = 1.000000              wxc_scale = 0.500            wc = 0.000         |
|                                                                             |
| ADP refinement: T = Eexperimental * wxu * wxu_scale + Eadp  * wu            |
| wxu = 0.161398              wxu_scale = 1.000            wu = 1.000         |
|-----------------------------------------------------------------------------|


====================== ADP refinement (reciprocal space) ======================


                 ----------Individual ADP refinement----------                 

    R-FACTORS      <Bi-Bj>  <B>   WEIGHT       TARGETS
 work  free  delta                           data restr
 4.80  4.90   0.10  0.637   2.443  0.161    1.643
 4.63  4.61  -0.02  0.855   2.398  0.161    1.601

 Individual atomic B
                min    max   mean <Bi,j>   iso aniso
   Overall:    0.00  14.04   1.84   0.54   552     0
   Protein:    0.00   4.52   1.47   0.54   492     0
   Water:      0.00  14.04   4.92    N/A    60     0
   Chain  A:   0.00  10.75   1.84    N/A    46     0
   Chain  B:   0.00  12.11   2.01    N/A    46     0
   Chain  C:   0.90  12.44   1.93    N/A    46     0
   Chain  D:   0.20   8.46   1.74    N/A    46     0
   Chain  E:   0.16  10.06   1.87    N/A    46     0
   Chain  F:   0.36   8.76   1.83    N/A    46     0
   Chain  G:   0.66  14.04   1.90    N/A    46     0
   Chain  H:   0.00   9.61   1.85    N/A    46     0
   Chain  I:   0.92  11.22   1.90    N/A    46     0
   Chain  J:   0.85   8.60   1.89    N/A    46     0
   Chain  K:   0.00   6.92   1.71    N/A    46     0
   Chain  L:   0.00   6.94   1.65    N/A    46     0
   Histogram:
       Values      Number of atoms
     0.00 - 1.40        258
     1.40 - 2.81        247
     2.81 - 4.21         16
     4.21 - 5.61          8
     5.61 - 7.02          7
     7.02 - 8.42          4
     8.42 - 9.83          6
     9.83 - 11.23         3
    11.23 - 12.63         2
    12.63 - 14.04         1


=========================== Idealize ADP of riding H ==========================

r_work=0.0463 r_free=0.0461
r_work=0.0465 r_free=0.0464

*********************** REFINEMENT MACRO_CYCLE 2 OF 5 *************************

|--(resolution: 0.90 - 10.00 A, n_refl.=1859 (all), 10.33 % free)-------------|
|                                                                             |
| r_work= 0.0465 r_free= 0.0464 coordinate error (max.-lik. estimate): 0.04 A |
|                                                                             |
| normalized target function (ml) (work): 1.604751                            |
| target function (ml) not normalized (work): 2675.119556                     |
| target function (ml) not normalized (free): 322.048568                      |
|-----------------------------------------------------------------------------|

=========================== Bulk-solvent and scaling ==========================


============================= updating all scales =============================

                   start: r(all,work,free)=0.0465 0.0465 0.0464 n_refl.: 1859
       re-set all scales: r(all,work,free)=0.0488 0.0488 0.0491 n_refl.: 1859
         remove outliers: r(all,work,free)=0.0488 0.0488 0.0491 n_refl.: 1859
 overall B=0.00 to atoms: r(all,work,free)=0.0488 0.0488 0.0491 n_refl.: 1859
bulk-solvent and scaling: r(all,work,free)=0.0465 0.0465 0.0465 n_refl.: 1859
         remove outliers: r(all,work,free)=0.0465 0.0465 0.0465 n_refl.: 1859

 ======================== Statistics in resolution bins ======================== 

Total model structure factor:
  F_model = k_total * (F_calc + k_mask * F_mask)

    k_total = k_isotropic * k_anisotropic
   Resolution    Compl Nwork Nfree R_work    <Fobs>  <Fmodel> kiso   kani kmask
  9.996-2.730    94.34    89    11 0.0346    39.781    40.453 0.961 1.053 0.000
  2.725-2.129    91.67    87    12 0.0316    32.339    32.092 0.961 1.054 0.000
  2.127-1.663    90.95   182    19 0.0383    26.536    26.236 0.961 1.056 0.000
  1.658-1.298    87.36   357    37 0.0406    20.023    19.741 0.961 1.056 0.000
  1.296-1.012    75.26   642    79 0.0487    16.939    16.952 0.961 1.055 0.000
  1.011-0.900    45.56   310    34 0.0704    13.957    14.050 0.962 1.053 0.000

  Approximation of k_total with k_overall*exp(-b_overall*s**2/4)
    k_overall=1.0149   b_overall=0.0065  

============================ Set refinement target ============================

  using refinement target ml 


==================== Compute data/restraints target weights ===================

|-----------------------------------------------------------------------------|
| XYZ refinement: T = Eexperimental * wxc * wxc_scale + Echem * wc            |
| wxc = 1.000000              wxc_scale = 0.500            wc = 0.000         |
|                                                                             |
| ADP refinement: T = Eexperimental * wxu * wxu_scale + Eadp  * wu            |
| wxu = 0.158386              wxu_scale = 1.000            wu = 1.000         |
|-----------------------------------------------------------------------------|


====================== ADP refinement (reciprocal space) ======================


                 ----------Individual ADP refinement----------                 

    R-FACTORS      <Bi-Bj>  <B>   WEIGHT       TARGETS
 work  free  delta                           data restr
 4.65  4.65  -0.00  0.582   2.315  0.158    1.604
 4.64  4.61  -0.03  0.607   2.297  0.158    1.599

 Individual atomic B
                min    max   mean <Bi,j>   iso aniso
   Overall:    0.00  14.12   1.81   0.52   552     0
   Protein:    0.00   4.45   1.44   0.52   492     0
   Water:      0.00  14.12   4.84    N/A    60     0
   Chain  A:   0.00  10.68   1.81    N/A    46     0
   Chain  B:   0.00  11.82   1.98    N/A    46     0
   Chain  C:   0.89  12.48   1.89    N/A    46     0
   Chain  D:   0.00   8.33   1.72    N/A    46     0
   Chain  E:   0.37   9.90   1.84    N/A    46     0
   Chain  F:   0.40   8.91   1.80    N/A    46     0
   Chain  G:   0.64  14.12   1.87    N/A    46     0
   Chain  H:   0.00   9.63   1.81    N/A    46     0
   Chain  I:   0.89  10.98   1.86    N/A    46     0
   Chain  J:   0.90   8.09   1.87    N/A    46     0
   Chain  K:   0.00   7.05   1.66    N/A    46     0
   Chain  L:   0.00   6.53   1.62    N/A    46     0
   Histogram:
       Values      Number of atoms
     0.00 - 1.41        275
     1.41 - 2.82        233
     2.82 - 4.24         14
     4.24 - 5.65          7
     5.65 - 7.06          7
     7.06 - 8.47          6
     8.47 - 9.89          4
     9.89 - 11.30         3
    11.30 - 12.71         2
    12.71 - 14.12         1


=========================== Idealize ADP of riding H ==========================

r_work=0.0464 r_free=0.0461
r_work=0.0464 r_free=0.0461

*********************** REFINEMENT MACRO_CYCLE 3 OF 5 *************************

|--(resolution: 0.90 - 10.00 A, n_refl.=1859 (all), 10.33 % free)-------------|
|                                                                             |
| r_work= 0.0464 r_free= 0.0461 coordinate error (max.-lik. estimate): 0.04 A |
|                                                                             |
| normalized target function (ml) (work): 1.599711                            |
| target function (ml) not normalized (work): 2666.717756                     |
| target function (ml) not normalized (free): 320.613794                      |
|-----------------------------------------------------------------------------|

=========================== Bulk-solvent and scaling ==========================


============================= updating all scales =============================

                   start: r(all,work,free)=0.0464 0.0464 0.0461 n_refl.: 1859
       re-set all scales: r(all,work,free)=0.0487 0.0487 0.0488 n_refl.: 1859
         remove outliers: r(all,work,free)=0.0487 0.0487 0.0488 n_refl.: 1859
 overall B=0.01 to atoms: r(all,work,free)=0.0486 0.0486 0.0488 n_refl.: 1859
bulk-solvent and scaling: r(all,work,free)=0.0463 0.0463 0.0462 n_refl.: 1859
         remove outliers: r(all,work,free)=0.0463 0.0463 0.0462 n_refl.: 1859

 ======================== Statistics in resolution bins ======================== 

Total model structure factor:
  F_model = k_total * (F_calc + k_mask * F_mask)

    k_total = k_isotropic * k_anisotropic
   Resolution    Compl Nwork Nfree R_work    <Fobs>  <Fmodel> kiso   kani kmask
  9.996-2.730    94.34    89    11 0.0348    39.781    40.441 0.962 1.052 0.000
  2.725-2.129    91.67    87    12 0.0318    32.339    32.093 0.962 1.053 0.000
  2.127-1.663    90.95   182    19 0.0381    26.536    26.239 0.962 1.054 0.000
  1.658-1.298    87.36   357    37 0.0404    20.023    19.751 0.963 1.052 0.000
  1.296-1.012    75.26   642    79 0.0485    16.939    16.954 0.964 1.050 0.000
  1.011-0.900    45.56   310    34 0.0697    13.957    14.048 0.965 1.045 0.000

  Approximation of k_total with k_overall*exp(-b_overall*s**2/4)
    k_overall=1.0149   b_overall=0.0203  

============================ Set refinement target ============================

  using refinement target ml 


==================== Compute data/restraints target weights ===================

|-----------------------------------------------------------------------------|
| XYZ refinement: T = Eexperimental * wxc * wxc_scale + Echem * wc            |
| wxc = 1.000000              wxc_scale = 0.500            wc = 0.000         |
|                                                                             |
| ADP refinement: T = Eexperimental * wxu * wxu_scale + Eadp  * wu            |
| wxu = 0.148318              wxu_scale = 1.000            wu = 1.000         |
|-----------------------------------------------------------------------------|


====================== ADP refinement (reciprocal space) ======================


                 ----------Individual ADP refinement----------                 

    R-FACTORS      <Bi-Bj>  <B>   WEIGHT       TARGETS
 work  free  delta                           data restr
 4.63  4.62  -0.00  0.571   2.282  0.148    1.600
 4.62  4.64   0.02  0.578   2.266  0.148    1.597

 Individual atomic B
                min    max   mean <Bi,j>   iso aniso
   Overall:    0.00  14.17   1.79   0.49   552     0
   Protein:    0.00   4.37   1.42   0.49   492     0
   Water:      0.00  14.17   4.83    N/A    60     0
   Chain  A:   0.00  10.69   1.79    N/A    46     0
   Chain  B:   0.00  11.72   1.97    N/A    46     0
   Chain  C:   0.88  12.52   1.87    N/A    46     0
   Chain  D:   0.00   8.33   1.69    N/A    46     0
   Chain  E:   0.75   9.87   1.82    N/A    46     0
   Chain  F:   0.39   9.01   1.78    N/A    46     0
   Chain  G:   0.64  14.17   1.85    N/A    46     0
   Chain  H:   0.00   9.63   1.80    N/A    46     0
   Chain  I:   0.89  10.92   1.84    N/A    46     0
   Chain  J:   0.89   8.04   1.84    N/A    46     0
   Chain  K:   0.00   7.11   1.64    N/A    46     0
   Chain  L:   0.00   6.43   1.58    N/A    46     0
   Histogram:
       Values      Number of atoms
     0.00 - 1.42        294
     1.42 - 2.83        216
     2.83 - 4.25         12
     4.25 - 5.67          8
     5.67 - 7.09          6
     7.09 - 8.50          6
     8.50 - 9.92          5
     9.92 - 11.34         2
    11.34 - 12.76         2
    12.76 - 14.17         1


=========================== Idealize ADP of riding H ==========================

r_work=0.0462 r_free=0.0464
r_work=0.0462 r_free=0.0464

*********************** REFINEMENT MACRO_CYCLE 4 OF 5 *************************

|--(resolution: 0.90 - 10.00 A, n_refl.=1859 (all), 10.33 % free)-------------|
|                                                                             |
| r_work= 0.0462 r_free= 0.0464 coordinate error (max.-lik. estimate): 0.04 A |
|                                                                             |
| normalized target function (ml) (work): 1.597391                            |
| target function (ml) not normalized (work): 2662.850729                     |
| target function (ml) not normalized (free): 321.498777                      |
|-----------------------------------------------------------------------------|

=========================== Bulk-solvent and scaling ==========================


============================= updating all scales =============================

                   start: r(all,work,free)=0.0463 0.0462 0.0464 n_refl.: 1859
       re-set all scales: r(all,work,free)=0.0488 0.0487 0.0491 n_refl.: 1859
         remove outliers: r(all,work,free)=0.0488 0.0487 0.0491 n_refl.: 1859
 overall B=0.02 to atoms: r(all,work,free)=0.0486 0.0485 0.0490 n_refl.: 1859
bulk-solvent and scaling: r(all,work,free)=0.0461 0.0461 0.0466 n_refl.: 1859
         remove outliers: r(all,work,free)=0.0461 0.0461 0.0466 n_refl.: 1859

 ======================== Statistics in resolution bins ======================== 

Total model structure factor:
  F_model = k_total * (F_calc + k_mask * F_mask)

    k_total = k_isotropic * k_anisotropic
   Resolution    Compl Nwork Nfree R_work    <Fobs>  <Fmodel> kiso   kani kmask
  9.996-2.730    94.34    89    11 0.0347    39.781    40.437 0.962 1.051 0.000
  2.725-2.129    91.67    87    12 0.0318    32.339    32.094 0.962 1.051 0.000
  2.127-1.663    90.95   182    19 0.0381    26.536    26.240 0.963 1.052 0.000
  1.658-1.298    87.36   357    37 0.0406    20.023    19.754 0.964 1.049 0.000
  1.296-1.012    75.26   642    79 0.0481    16.939    16.955 0.966 1.045 0.000
  1.011-0.900    45.56   310    34 0.0692    13.957    14.050 0.967 1.039 0.000

  Approximation of k_total with k_overall*exp(-b_overall*s**2/4)
    k_overall=1.0149   b_overall=0.0339  

============================ Set refinement target ============================

  using refinement target ml 


==================== Compute data/restraints target weights ===================

|-----------------------------------------------------------------------------|
| XYZ refinement: T = Eexperimental * wxc * wxc_scale + Echem * wc            |
| wxc = 1.000000              wxc_scale = 0.500            wc = 0.000         |
|                                                                             |
| ADP refinement: T = Eexperimental * wxu * wxu_scale + Eadp  * wu            |
| wxu = 0.209616              wxu_scale = 1.000            wu = 1.000         |
|-----------------------------------------------------------------------------|


====================== ADP refinement (reciprocal space) ======================


                 ----------Individual ADP refinement----------                 

    R-FACTORS      <Bi-Bj>  <B>   WEIGHT       TARGETS
 work  free  delta                           data restr
 4.61  4.66   0.05  0.559   2.268  0.210    1.598
 4.64  4.60  -0.04  0.594   2.254  0.210    1.599

 Individual atomic B
                min    max   mean <Bi,j>   iso aniso
   Overall:    0.00  14.41   1.78   0.55   552     0
   Protein:    0.00   4.53   1.41   0.55   492     0
   Water:      0.00  14.41   4.82    N/A    60     0
   Chain  A:   0.00  10.84   1.79    N/A    46     0
   Chain  B:   0.00  11.43   1.95    N/A    46     0
   Chain  C:   0.87  12.67   1.88    N/A    46     0
   Chain  D:   0.00   8.39   1.71    N/A    46     0
   Chain  E:   0.05   9.66   1.79    N/A    46     0
   Chain  F:   0.33   9.49   1.78    N/A    46     0
   Chain  G:   0.53  14.41   1.85    N/A    46     0
   Chain  H:   0.00   9.88   1.76    N/A    46     0
   Chain  I:   0.78  10.63   1.83    N/A    46     0
   Chain  J:   0.89   8.58   1.85    N/A    46     0
   Chain  K:   0.00   7.37   1.63    N/A    46     0
   Chain  L:   0.29   5.98   1.58    N/A    46     0
   Histogram:
       Values      Number of atoms
     0.00 - 1.44        306
     1.44 - 2.88        201
     2.88 - 4.32         16
     4.32 - 5.76          7
     5.76 - 7.21          6
     7.21 - 8.65          6
     8.65 - 10.09         5
    10.09 - 11.53         3
    11.53 - 12.97         1
    12.97 - 14.41         1


=========================== Idealize ADP of riding H ==========================

r_work=0.0464 r_free=0.0460
r_work=0.0465 r_free=0.0461

*********************** REFINEMENT MACRO_CYCLE 5 OF 5 *************************

|--(resolution: 0.90 - 10.00 A, n_refl.=1859 (all), 10.33 % free)-------------|
|                                                                             |
| r_work= 0.0465 r_free= 0.0461 coordinate error (max.-lik. estimate): 0.04 A |
|                                                                             |
| normalized target function (ml) (work): 1.599180                            |
| target function (ml) not normalized (work): 2665.833228                     |
| target function (ml) not normalized (free): 320.558334                      |
|-----------------------------------------------------------------------------|

=========================== Bulk-solvent and scaling ==========================


============================= updating all scales =============================

                   start: r(all,work,free)=0.0464 0.0465 0.0461 n_refl.: 1859
       re-set all scales: r(all,work,free)=0.0490 0.0490 0.0489 n_refl.: 1859
         remove outliers: r(all,work,free)=0.0490 0.0490 0.0489 n_refl.: 1859
 overall B=0.03 to atoms: r(all,work,free)=0.0487 0.0487 0.0488 n_refl.: 1859
bulk-solvent and scaling: r(all,work,free)=0.0463 0.0463 0.0462 n_refl.: 1859
         remove outliers: r(all,work,free)=0.0463 0.0463 0.0462 n_refl.: 1859

 ======================== Statistics in resolution bins ======================== 

Total model structure factor:
  F_model = k_total * (F_calc + k_mask * F_mask)

    k_total = k_isotropic * k_anisotropic
   Resolution    Compl Nwork Nfree R_work    <Fobs>  <Fmodel> kiso   kani kmask
  9.996-2.730    94.34    89    11 0.0348    39.781    40.445 0.962 1.052 0.000
  2.725-2.129    91.67    87    12 0.0318    32.339    32.098 0.962 1.051 0.000
  2.127-1.663    90.95   182    19 0.0382    26.536    26.241 0.963 1.051 0.000
  1.658-1.298    87.36   357    37 0.0404    20.023    19.747 0.964 1.049 0.000
  1.296-1.012    75.26   642    79 0.0486    16.939    16.954 0.966 1.044 0.000
  1.011-0.900    45.56   310    34 0.0696    13.957    14.046 0.968 1.037 0.000

  Approximation of k_total with k_overall*exp(-b_overall*s**2/4)
    k_overall=1.0149   b_overall=0.0391  

============================ Set refinement target ============================

  using refinement target ml 


==================== Compute data/restraints target weights ===================

|-----------------------------------------------------------------------------|
| XYZ refinement: T = Eexperimental * wxc * wxc_scale + Echem * wc            |
| wxc = 1.000000              wxc_scale = 0.500            wc = 0.000         |
|                                                                             |
| ADP refinement: T = Eexperimental * wxu * wxu_scale + Eadp  * wu            |
| wxu = 0.153908              wxu_scale = 1.000            wu = 1.000         |
|-----------------------------------------------------------------------------|


====================== ADP refinement (reciprocal space) ======================


                 ----------Individual ADP refinement----------                 

    R-FACTORS      <Bi-Bj>  <B>   WEIGHT       TARGETS
 work  free  delta                           data restr
 4.63  4.62  -0.01  0.583   2.263  0.154    1.600
 4.65  4.63  -0.02  0.588   2.248  0.154    1.600

 Individual atomic B
                min    max   mean <Bi,j>   iso aniso
   Overall:    0.00  14.54   1.78   0.51   552     0
   Protein:    0.00   4.36   1.40   0.51   492     0
   Water:      0.00  14.54   4.82    N/A    60     0
   Chain  A:   0.00  10.85   1.77    N/A    46     0
   Chain  B:   0.00  11.14   1.96    N/A    46     0
   Chain  C:   0.87  12.76   1.87    N/A    46     0
   Chain  D:   0.00   8.43   1.69    N/A    46     0
   Chain  E:   0.31   9.55   1.77    N/A    46     0
   Chain  F:   0.41   9.76   1.77    N/A    46     0
   Chain  G:   0.67  14.54   1.85    N/A    46     0
   Chain  H:   0.00   9.85   1.77    N/A    46     0
   Chain  I:   0.88  10.43   1.81    N/A    46     0
   Chain  J:   0.88   8.73   1.82    N/A    46     0
   Chain  K:   0.00   7.52   1.63    N/A    46     0
   Chain  L:   0.59   5.67   1.58    N/A    46     0
   Histogram:
       Values      Number of atoms
     0.00 - 1.45        327
     1.45 - 2.91        182
     2.91 - 4.36         15
     4.36 - 5.82          8
     5.82 - 7.27          5
     7.27 - 8.73          4
     8.73 - 10.18         6
    10.18 - 11.64         3
    11.64 - 13.09         1
    13.09 - 14.54         1


=========================== Idealize ADP of riding H ==========================

r_work=0.0465 r_free=0.0463
r_work=0.0465 r_free=0.0463

                         ----------X-ray data----------                        

|--(resolution: 0.90 - 10.00 A, n_refl.=1859 (all), 10.33 % free)-------------|
|                                                                             |
| r_work= 0.0465 r_free= 0.0463 coordinate error (max.-lik. estimate): 0.04 A |
|                                                                             |
| normalized target function (ml) (work): 1.599708                            |
| target function (ml) not normalized (work): 2666.712654                     |
| target function (ml) not normalized (free): 321.024855                      |
|-----------------------------------------------------------------------------|

|-----------------------------------------------------------------------------|
| Bin     Resolution   Compl.  No. Refl.    R-factors          Targets        |
|number     range              work test   work   test        work        test|
|  1:   10.00 -    0.90 0.71   1667  192 0.0465 0.0463      1.5997       1.672|
|-----------------------------------------------------------------------------|

|-----------------------------------------------------------------------------|
|R-free likelihood based estimates for figures of merit, absolute phase error,|
|and distribution parameters alpha and beta (Acta Cryst. (1995). A51, 880-887)|
|                                                                             |
| Bin     Resolution      No. Refl.   FOM  Phase Scale    Alpha        Beta   |
|  #        range        work  test        error factor                       |
|  1:   10.00 -    0.90  1667   192  0.99   1.28   1.00     1.03          3.16|
|alpha:            min =        1.03 max =            1.03 mean =         1.03|
|beta:             min =        3.16 max =            3.16 mean =         3.16|
|figures of merit: min =        0.42 max =            1.00 mean =         0.99|
|phase err.(work): min =        0.00 max =           52.36 mean =         1.28|
|phase err.(test): min =        0.00 max =           18.67 mean =         1.34|
|-----------------------------------------------------------------------------|

==================================== Final ====================================


============================= updating all scales =============================

                   start: r(all,work,free)=0.0465 0.0465 0.0463 n_refl.: 1859
       re-set all scales: r(all,work,free)=0.0491 0.0491 0.0491 n_refl.: 1859
         remove outliers: r(all,work,free)=0.0491 0.0491 0.0491 n_refl.: 1859
 overall B=0.03 to atoms: r(all,work,free)=0.0488 0.0488 0.0489 n_refl.: 1859
bulk-solvent and scaling: r(all,work,free)=0.0464 0.0463 0.0464 n_refl.: 1859
         remove outliers: r(all,work,free)=0.0464 0.0463 0.0464 n_refl.: 1859

 ======================== Statistics in resolution bins ======================== 

Total model structure factor:
  F_model = k_total * (F_calc + k_mask * F_mask)

    k_total = k_isotropic * k_anisotropic
   Resolution    Compl Nwork Nfree R_work    <Fobs>  <Fmodel> kiso   kani kmask
  9.996-2.730    94.34    89    11 0.0347    39.781    40.442 0.962 1.051 0.000
  2.725-2.129    91.67    87    12 0.0318    32.339    32.100 0.962 1.051 0.000
  2.127-1.663    90.95   182    19 0.0382    26.536    26.242 0.963 1.051 0.000
  1.658-1.298    87.36   357    37 0.0405    20.023    19.749 0.964 1.048 0.000
  1.296-1.012    75.26   642    79 0.0485    16.939    16.953 0.966 1.043 0.000
  1.011-0.900    45.56   310    34 0.0696    13.957    14.043 0.969 1.035 0.000

  Approximation of k_total with k_overall*exp(-b_overall*s**2/4)
    k_overall=1.0149   b_overall=0.0423  

================= overall refinement statistics: step by step =================

****************** REFINEMENT STATISTICS STEP BY STEP ******************
leading digit, like 1_, means number of macro-cycle                     
0    : statistics at the very beginning when nothing is done yet        
1_bss: bulk solvent correction and/or (anisotropic) scaling             
1_adp: refinement of ADPs (Atomic Displacement Parameters)              
------------------------------------------------------------------------
 stage r-work r-free bonds angles b_min b_max b_ave n_water shift
      0    : 0.0503 0.0511 0.011  1.662   0.0  14.2   1.9 180      0.000
      1_bss: 0.0480 0.0490 0.011  1.662   0.0  14.3   1.9 180      0.000
1_settarget: 0.0480 0.0490 0.011  1.662   0.0  14.3   1.9 180      0.000
   1_weight: 0.0480 0.0490 0.011  1.662   0.0  14.3   1.9 180      0.000
      1_adp: 0.0463 0.0461 0.011  1.662   0.0  14.0   1.8 180      0.000
  1_regHadp: 0.0465 0.0464 0.011  1.662   0.0  14.0   1.8 180      0.000
      2_bss: 0.0465 0.0465 0.011  1.662   0.0  14.0   1.8 180      0.000
2_settarget: 0.0465 0.0465 0.011  1.662   0.0  14.0   1.8 180      0.000
   2_weight: 0.0465 0.0465 0.011  1.662   0.0  14.0   1.8 180      0.000
      2_adp: 0.0464 0.0461 0.011  1.662   0.0  14.1   1.8 180      0.000
  2_regHadp: 0.0464 0.0461 0.011  1.662   0.0  14.1   1.8 180      0.000
      3_bss: 0.0463 0.0462 0.011  1.662   0.0  14.1   1.8 180      0.000
3_settarget: 0.0463 0.0462 0.011  1.662   0.0  14.1   1.8 180      0.000
   3_weight: 0.0463 0.0462 0.011  1.662   0.0  14.1   1.8 180      0.000
      3_adp: 0.0462 0.0464 0.011  1.662   0.0  14.2   1.8 180      0.000
  3_regHadp: 0.0462 0.0464 0.011  1.662   0.0  14.2   1.8 180      0.000
      4_bss: 0.0461 0.0466 0.011  1.662   0.0  14.2   1.8 180      0.000
4_settarget: 0.0461 0.0466 0.011  1.662   0.0  14.2   1.8 180      0.000
   4_weight: 0.0461 0.0466 0.011  1.662   0.0  14.2   1.8 180      0.000
      4_adp: 0.0464 0.0460 0.011  1.662   0.0  14.4   1.8 180      0.000
  4_regHadp: 0.0465 0.0461 0.011  1.662   0.0  14.4   1.8 180      0.000
      5_bss: 0.0463 0.0462 0.011  1.662   0.0  14.4   1.8 180      0.000
5_settarget: 0.0463 0.0462 0.011  1.662   0.0  14.4   1.8 180      0.000
   5_weight: 0.0463 0.0462 0.011  1.662   0.0  14.4   1.8 180      0.000
      5_adp: 0.0465 0.0463 0.011  1.662   0.0  14.5   1.8 180      0.000
  5_regHadp: 0.0465 0.0463 0.011  1.662   0.0  14.5   1.8 180      0.000
        end: 0.0463 0.0464 0.011  1.662   0.0  14.6   1.8 180      0.000
------------------------------------------------------------------------

============================== Exporting results ==============================


Timing summary:
  Write initial files (write_before_run_outputs): 0.0000
  Refinement macro-cycles (run)                 : 69.6200
  Write final files (write_after_run_outputs)   : 3.7900
  Total                                         : 73.4100
Total CPU time: 82.91 seconds

=========================== phenix.refine: finished ===========================

# Date 2026-04-14 Time 15:02:42 MDT -0600 (1776200562.92 s)

Start R-work = 0.0480, R-free = 0.0490
Final R-work = 0.0463, R-free = 0.0464

===============================================================================
Job complete
usr+sys time: 82.91 seconds
wall clock time: 84.15 seconds
